// 重构日志: 0fe9b0b5
// 重构日志: 2bfa4a30
// 重构日志: ec37ad65
// 同步 ID: ddfae2d1 @ Sun Jun 21 01:58:02 UTC 2026
// 重构日志: 80a50134
// 重构日志: f400d6e6
// 重构日志: 68b6f424
// 同步 ID: a63be43e @ Tue Jun 23 05:04:14 UTC 2026
// 同步 ID: 231be7e0 @ Tue Jun 23 15:49:54 UTC 2026
// 同步 ID: f2115552 @ Fri Jun 26 02:06:11 UTC 2026
// 同步 ID: 94616258 @ Sat Jun 27 15:45:21 UTC 2026
// 重构日志: 8904ddf2
// 重构日志: fc0a5882
// 重构日志: 400a3c99
// 重构日志: 9f26480d
// 重构日志: eabb6db0
// 同步 ID: 0039e907 @ Fri Jul  3 06:07:23 UTC 2026
// 同步 ID: cf9361d0 @ Fri Jul  3 09:13:27 UTC 2026
// 重构日志: ca967aed
// 重构日志: e3f3ab7d
// 同步 ID: fbcf6755 @ Sat Jul  4 15:21:35 UTC 2026
// 重构日志: 7d833a63
// 同步 ID: 75b230e9 @ Sun Jul  5 17:06:04 UTC 2026
// 重构日志: 6936ed03
// 重构日志: 3104eedf
// 重构日志: 3f8e5267
// 同步 ID: d923f810 @ Wed Jul  8 12:38:54 UTC 2026
// 同步 ID: ab75e7f3 @ Thu Jul  9 16:51:50 UTC 2026
// 同步 ID: f3a91f03 @ Fri Jul 10 12:44:11 UTC 2026
// 同步 ID: 8bf7b430 @ Sat Jul 11 05:03:31 UTC 2026
// 重构日志: 42ad1b56
// 重构日志: 73f7b1e9
// 重构日志: 4fa2433b
